<?xml version="1.0" encoding="UTF-8"?>
<testng-results skipped="0" failed="0" ignored="0" total="1" passed="1">
  <reporter-output>
  </reporter-output>
  <suite name="Default suite" duration-ms="72" started-at="2021-08-07T10:08:28Z" finished-at="2021-08-07T10:08:28Z">
    <groups>
    </groups>
    <test name="Default test" duration-ms="72" started-at="2021-08-07T10:08:28Z" finished-at="2021-08-07T10:08:28Z">
      <class name="com.codebind.Apptest">
        <test-method status="PASS" signature="test()[pri:0, instance:com.codebind.Apptest@55f3ddb1]" name="test" duration-ms="20" started-at="2021-08-07T10:08:28Z" finished-at="2021-08-07T10:08:28Z">
          <reporter-output>
          </reporter-output>
        </test-method> <!-- test -->
      </class> <!-- com.codebind.Apptest -->
    </test> <!-- Default test -->
  </suite> <!-- Default suite -->
</testng-results>
